<?xml version="1.0" encoding="UTF-8"?>
<testsuites name="TC17-20. Creating public workspace" time="1925.592" tests="4" failures="1" errors="0">
   <testsuite name="TC17-20. Creating public workspace" tests="4" failures="1" errors="0" time="1925.592" skipped="0" timestamp="2022-01-16 21:28:52" hostname="mixel - 192.168.1.10" id="Test Suites/TC17-20. Creating public workspace">
      <properties>
         <property name="deviceName" value=""/>
         <property name="devicePlatform" value=""/>
         <property name="logFolder" value="/Users/mixel/Documents/Github/Test-Automation-SE-Bonus-Katalon/Reports/20220116_212303/TC17-20. Creating public workspace/20220116_212317"/>
         <property name="logFiles" value="/Users/mixel/Documents/Github/Test-Automation-SE-Bonus-Katalon/Reports/20220116_212303/TC17-20. Creating public workspace/20220116_212317/execution0.log"/>
         <property name="attachments" value="/Users/mixel/Documents/Github/Test-Automation-SE-Bonus-Katalon/Reports/20220116_212303/TC17-20. Creating public workspace/20220116_212317/1642343811167.png"/>
         <property name="hostName" value="mixel - 192.168.1.10"/>
         <property name="os" value="Mac OS X 64bit"/>
         <property name="katalonVersion" value="8.2.0.208"/>
         <property name="browser" value="Chrome 97.0.4692.71"/>
         <property name="hostAddress" value="192.168.1.10"/>
         <property name="sessionId" value="bf559800dd2ad059fb3822968257f150"/>
         <property name="seleniumVersion" value="3.141.59"/>
         <property name="proxyInformation" value="ProxyInformation { proxyOption=NO_PROXY, proxyServerType=HTTP, username=, password=********, proxyServerAddress=, proxyServerPort=0, executionList=&quot;&quot;, isApplyToDesiredCapabilities=true }"/>
         <property name="platform" value="Mac OS X"/>
      </properties>
      <testcase name="Test Cases/TC17-20. Creating public workspace with address" time="382.874" classname="Test Cases/TC17-20. Creating public workspace with address" status="PASSED">
         <system-out><![CDATA[2022-01-16 21:28:53 - [TEST_CASE][PASSED] - Test Cases/TC17-20. Creating public workspace with address: Test Cases/TC17-20. Creating public workspace with address

2022-01-16 21:28:55 - [TEST_STEP][PASSED] - openBrowser(""): Browser is opened with url: ''

2022-01-16 21:28:56 - [MESSAGE][INFO] - Starting 'Chrome' driver

2022-01-16 21:28:57 - [MESSAGE][INFO] - Action delay is set to 0 milliseconds

2022-01-16 21:29:09 - [MESSAGE][PASSED] - Browser is opened with url: ''

2022-01-16 21:29:10 - [TEST_STEP][PASSED] - navigateToUrl("http://localhost:8080/#/login"): Navigate to 'http://localhost:8080/#/login' successfully

2022-01-16 21:29:39 - [MESSAGE][PASSED] - Navigate to 'http://localhost:8080/#/login' successfully

2022-01-16 21:29:39 - [TEST_STEP][PASSED] - setText(findTestObject("Object Repository/Creating public workspace/Page_Element/input_Sign in with_username"), "tvminh19"): Text 'tvminh19' is set on object 'Object Repository/Creating public workspace/Page_Element/input_Sign in with_username'

2022-01-16 21:30:01 - [MESSAGE][PASSED] - Text 'tvminh19' is set on object 'Object Repository/Creating public workspace/Page_Element/input_Sign in with_username'

2022-01-16 21:30:01 - [TEST_STEP][PASSED] - setEncryptedText(findTestObject("Object Repository/Creating public workspace/Page_Element/input_Username_password"), "ZMYEqBLXlqKBS+xCxiYvcQ=="): Text ****** has been set on object 'Object Repository/Creating public workspace/Page_Element/input_Username_password'

2022-01-16 21:30:06 - [MESSAGE][PASSED] - Text ****** has been set on object 'Object Repository/Creating public workspace/Page_Element/input_Username_password'

2022-01-16 21:30:06 - [TEST_STEP][PASSED] - click(findTestObject("Object Repository/Creating public workspace/Page_Element/input_Forgot password_mx_Login_submit")): Object: 'Object Repository/Creating public workspace/Page_Element/input_Forgot password_mx_Login_submit' is clicked on

2022-01-16 21:30:13 - [MESSAGE][PASSED] - Object: 'Object Repository/Creating public workspace/Page_Element/input_Forgot password_mx_Login_submit' is clicked on

2022-01-16 21:30:13 - [TEST_STEP][PASSED] - click(findTestObject("Object Repository/Creating public workspace/Page_Element/div_Verify with Security Key")): Object: 'Object Repository/Creating public workspace/Page_Element/div_Verify with Security Key' is clicked on

2022-01-16 21:31:18 - [MESSAGE][PASSED] - Object: 'Object Repository/Creating public workspace/Page_Element/div_Verify with Security Key' is clicked on

2022-01-16 21:31:19 - [TEST_STEP][PASSED] - setText(findTestObject("Object Repository/Creating public workspace/Page_Element/input_Security Key_mx_Field_4"), "EsTz GjF9 i17E JLpz sfyb e7c5 tV5p wVxd Jh5S uSmg KYJr KDsR"): Text 'EsTz GjF9 i17E JLpz sfyb e7c5 tV5p wVxd Jh5S uSmg KYJr KDsR' is set on object 'Object Repository/Creating public workspace/Page_Element/input_Security Key_mx_Field_4'

2022-01-16 21:32:09 - [MESSAGE][PASSED] - Text 'EsTz GjF9 i17E JLpz sfyb e7c5 tV5p wVxd Jh5S uSmg KYJr KDsR' is set on object 'Object Repository/Creating public workspace/Page_Element/input_Security Key_mx_Field_4'

2022-01-16 21:32:09 - [TEST_STEP][PASSED] - click(findTestObject("Object Repository/Creating public workspace/Page_Element/button_Continue")): Object: 'Object Repository/Creating public workspace/Page_Element/button_Continue' is clicked on

2022-01-16 21:32:51 - [MESSAGE][PASSED] - Object: 'Object Repository/Creating public workspace/Page_Element/button_Continue' is clicked on

2022-01-16 21:32:51 - [TEST_STEP][PASSED] - click(findTestObject("Object Repository/Creating public workspace/Page_Element/div_Done")): Object: 'Object Repository/Creating public workspace/Page_Element/div_Done' is clicked on

2022-01-16 21:33:43 - [MESSAGE][PASSED] - Object: 'Object Repository/Creating public workspace/Page_Element/div_Done' is clicked on

2022-01-16 21:33:43 - [TEST_STEP][PASSED] - click(findTestObject("Object Repository/Creating public workspace/Page_Element/div_Enable_mx_SpaceButton_icon")): Object: 'Object Repository/Creating public workspace/Page_Element/div_Enable_mx_SpaceButton_icon' is clicked on

2022-01-16 21:34:00 - [MESSAGE][PASSED] - Object: 'Object Repository/Creating public workspace/Page_Element/div_Enable_mx_SpaceButton_icon' is clicked on

2022-01-16 21:34:00 - [TEST_STEP][PASSED] - click(findTestObject("Object Repository/Creating public workspace/Page_Element/span_Open space for anyone, best for communities")): Object: 'Object Repository/Creating public workspace/Page_Element/span_Open space for anyone, best for communities' is clicked on

2022-01-16 21:34:06 - [MESSAGE][PASSED] - Object: 'Object Repository/Creating public workspace/Page_Element/span_Open space for anyone, best for communities' is clicked on

2022-01-16 21:34:06 - [TEST_STEP][PASSED] - setText(findTestObject("Object Repository/Creating public workspace/Page_Element/input_Upload_spaceName"), ws_name): Text 'lkfja;dlskfja;lsdkfj' is set on object 'Object Repository/Creating public workspace/Page_Element/input_Upload_spaceName'

2022-01-16 21:34:22 - [MESSAGE][PASSED] - Text 'lkfja;dlskfja;lsdkfj' is set on object 'Object Repository/Creating public workspace/Page_Element/input_Upload_spaceName'

2022-01-16 21:34:23 - [TEST_STEP][PASSED] - click(findTestObject("Object Repository/Creating public workspace/Page_Element/div_Addressmatrix.org")): Object: 'Object Repository/Creating public workspace/Page_Element/div_Addressmatrix.org' is clicked on

2022-01-16 21:34:30 - [MESSAGE][PASSED] - Object: 'Object Repository/Creating public workspace/Page_Element/div_Addressmatrix.org' is clicked on

2022-01-16 21:34:30 - [TEST_STEP][PASSED] - setText(findTestObject("Object Repository/Creating public workspace/Page_Element/input__mx_Field_6"), ws_add): Text '' is set on object 'Object Repository/Creating public workspace/Page_Element/input__mx_Field_6'

2022-01-16 21:35:07 - [MESSAGE][PASSED] - Text '' is set on object 'Object Repository/Creating public workspace/Page_Element/input__mx_Field_6'

2022-01-16 21:35:08 - [TEST_STEP][PASSED] - verifyElementClickable(findTestObject("Object Repository/Creating public workspace/Page_Element/div_Create")): Object 'Object Repository/Creating public workspace/Page_Element/div_Create' is clickable

2022-01-16 21:35:15 - [MESSAGE][PASSED] - Object 'Object Repository/Creating public workspace/Page_Element/div_Create' is clickable

2022-01-16 21:35:15 - [TEST_STEP][PASSED] - closeBrowser(): Browser is closed

2022-01-16 21:35:16 - [MESSAGE][PASSED] - Browser is closed]]></system-out>
         <system-err><![CDATA[]]></system-err>
      </testcase>
      <testcase name="Test Cases/TC17-20. Creating public workspace with address" time="109.24" classname="Test Cases/TC17-20. Creating public workspace with address" status="FAILED">
         <failure type="FAILED" message="Test Cases/TC17-20. Creating public workspace with address FAILED.
Reason:
com.kms.katalon.core.exception.StepFailedException: Unable to click on object 'Object Repository/Creating public workspace/Page_Element/div_Verify with Security Key'
	at com.kms.katalon.core.webui.keyword.internal.WebUIKeywordMain.stepFailed(WebUIKeywordMain.groovy:64)
	at com.kms.katalon.core.webui.keyword.internal.WebUIKeywordMain.runKeyword(WebUIKeywordMain.groovy:26)
	at com.kms.katalon.core.webui.keyword.builtin.ClickKeyword.click(ClickKeyword.groovy:74)
	at com.kms.katalon.core.webui.keyword.builtin.ClickKeyword.execute(ClickKeyword.groovy:40)
	at com.kms.katalon.core.keyword.internal.KeywordExecutor.executeKeywordForPlatform(KeywordExecutor.groovy:74)
	at com.kms.katalon.core.webui.keyword.WebUiBuiltInKeywords.click(WebUiBuiltInKeywords.groovy:620)
	at com.kms.katalon.core.webui.keyword.WebUiBuiltInKeywords$click$3.call(Unknown Source)
	at TC17-20. Creating public workspace with address.run(TC17-20. Creating public workspace with address:31)
	at com.kms.katalon.core.main.ScriptEngine.run(ScriptEngine.java:194)
	at com.kms.katalon.core.main.ScriptEngine.runScriptAsRawText(ScriptEngine.java:119)
	at com.kms.katalon.core.main.TestCaseExecutor.runScript(TestCaseExecutor.java:442)
	at com.kms.katalon.core.main.TestCaseExecutor.doExecute(TestCaseExecutor.java:433)
	at com.kms.katalon.core.main.TestCaseExecutor.processExecutionPhase(TestCaseExecutor.java:412)
	at com.kms.katalon.core.main.TestCaseExecutor.accessMainPhase(TestCaseExecutor.java:404)
	at com.kms.katalon.core.main.TestCaseExecutor.execute(TestCaseExecutor.java:281)
	at com.kms.katalon.core.main.TestSuiteExecutor.accessTestCaseMainPhase(TestSuiteExecutor.java:202)
	at com.kms.katalon.core.main.TestSuiteExecutor.accessTestSuiteMainPhase(TestSuiteExecutor.java:164)
	at com.kms.katalon.core.main.TestSuiteExecutor.execute(TestSuiteExecutor.java:105)
	at com.kms.katalon.core.main.TestCaseMain.startTestSuite(TestCaseMain.java:181)
	at com.kms.katalon.core.main.TestCaseMain$startTestSuite$0.call(Unknown Source)
	at TempTestSuite1642342997093.run(TempTestSuite1642342997093.groovy:36)
Caused by: com.kms.katalon.core.webui.exception.WebElementNotFoundException: Web element with id: 'Object Repository/Creating public workspace/Page_Element/div_Verify with Security Key' located by '//section[@id='matrixchat']/div/div/div[2]/div/div/div/div/div[2]' not found
	at com.kms.katalon.core.webui.common.WebUiCommonHelper.findWebElement(WebUiCommonHelper.java:1368)
	at com.kms.katalon.core.webui.keyword.internal.WebUIAbstractKeyword.findWebElement(WebUIAbstractKeyword.groovy:27)
	at com.kms.katalon.core.webui.keyword.builtin.ClickKeyword$_click_closure1.doCall(ClickKeyword.groovy:65)
	at com.kms.katalon.core.webui.keyword.builtin.ClickKeyword$_click_closure1.call(ClickKeyword.groovy)
	at com.kms.katalon.core.webui.keyword.internal.WebUIKeywordMain.runKeyword(WebUIKeywordMain.groovy:20)
	... 19 more
"/>
         <system-out><![CDATA[2022-01-16 21:35:17 - [TEST_CASE][FAILED] - Test Cases/TC17-20. Creating public workspace with address: Test Cases/TC17-20. Creating public workspace with address FAILED.
Reason:
com.kms.katalon.core.exception.StepFailedException: Unable to click on object 'Object Repository/Creating public workspace/Page_Element/div_Verify with Security Key'
	at com.kms.katalon.core.webui.keyword.internal.WebUIKeywordMain.stepFailed(WebUIKeywordMain.groovy:64)
	at com.kms.katalon.core.webui.keyword.internal.WebUIKeywordMain.runKeyword(WebUIKeywordMain.groovy:26)
	at com.kms.katalon.core.webui.keyword.builtin.ClickKeyword.click(ClickKeyword.groovy:74)
	at com.kms.katalon.core.webui.keyword.builtin.ClickKeyword.execute(ClickKeyword.groovy:40)
	at com.kms.katalon.core.keyword.internal.KeywordExecutor.executeKeywordForPlatform(KeywordExecutor.groovy:74)
	at com.kms.katalon.core.webui.keyword.WebUiBuiltInKeywords.click(WebUiBuiltInKeywords.groovy:620)
	at com.kms.katalon.core.webui.keyword.WebUiBuiltInKeywords$click$3.call(Unknown Source)
	at TC17-20. Creating public workspace with address.run(TC17-20. Creating public workspace with address:31)
	at com.kms.katalon.core.main.ScriptEngine.run(ScriptEngine.java:194)
	at com.kms.katalon.core.main.ScriptEngine.runScriptAsRawText(ScriptEngine.java:119)
	at com.kms.katalon.core.main.TestCaseExecutor.runScript(TestCaseExecutor.java:442)
	at com.kms.katalon.core.main.TestCaseExecutor.doExecute(TestCaseExecutor.java:433)
	at com.kms.katalon.core.main.TestCaseExecutor.processExecutionPhase(TestCaseExecutor.java:412)
	at com.kms.katalon.core.main.TestCaseExecutor.accessMainPhase(TestCaseExecutor.java:404)
	at com.kms.katalon.core.main.TestCaseExecutor.execute(TestCaseExecutor.java:281)
	at com.kms.katalon.core.main.TestSuiteExecutor.accessTestCaseMainPhase(TestSuiteExecutor.java:202)
	at com.kms.katalon.core.main.TestSuiteExecutor.accessTestSuiteMainPhase(TestSuiteExecutor.java:164)
	at com.kms.katalon.core.main.TestSuiteExecutor.execute(TestSuiteExecutor.java:105)
	at com.kms.katalon.core.main.TestCaseMain.startTestSuite(TestCaseMain.java:181)
	at com.kms.katalon.core.main.TestCaseMain$startTestSuite$0.call(Unknown Source)
	at TempTestSuite1642342997093.run(TempTestSuite1642342997093.groovy:36)
Caused by: com.kms.katalon.core.webui.exception.WebElementNotFoundException: Web element with id: 'Object Repository/Creating public workspace/Page_Element/div_Verify with Security Key' located by '//section[@id='matrixchat']/div/div/div[2]/div/div/div/div/div[2]' not found
	at com.kms.katalon.core.webui.common.WebUiCommonHelper.findWebElement(WebUiCommonHelper.java:1368)
	at com.kms.katalon.core.webui.keyword.internal.WebUIAbstractKeyword.findWebElement(WebUIAbstractKeyword.groovy:27)
	at com.kms.katalon.core.webui.keyword.builtin.ClickKeyword$_click_closure1.doCall(ClickKeyword.groovy:65)
	at com.kms.katalon.core.webui.keyword.builtin.ClickKeyword$_click_closure1.call(ClickKeyword.groovy)
	at com.kms.katalon.core.webui.keyword.internal.WebUIKeywordMain.runKeyword(WebUIKeywordMain.groovy:20)
	... 19 more


2022-01-16 21:35:17 - [TEST_STEP][PASSED] - openBrowser(""): Browser is opened with url: ''

2022-01-16 21:35:17 - [MESSAGE][INFO] - Starting 'Chrome' driver

2022-01-16 21:35:17 - [MESSAGE][INFO] - Action delay is set to 0 milliseconds

2022-01-16 21:35:27 - [MESSAGE][PASSED] - Browser is opened with url: ''

2022-01-16 21:35:27 - [TEST_STEP][PASSED] - navigateToUrl("http://localhost:8080/#/login"): Navigate to 'http://localhost:8080/#/login' successfully

2022-01-16 21:35:34 - [MESSAGE][PASSED] - Navigate to 'http://localhost:8080/#/login' successfully

2022-01-16 21:35:34 - [TEST_STEP][PASSED] - setText(findTestObject("Object Repository/Creating public workspace/Page_Element/input_Sign in with_username"), "tvminh19"): Text 'tvminh19' is set on object 'Object Repository/Creating public workspace/Page_Element/input_Sign in with_username'

2022-01-16 21:36:03 - [MESSAGE][PASSED] - Text 'tvminh19' is set on object 'Object Repository/Creating public workspace/Page_Element/input_Sign in with_username'

2022-01-16 21:36:03 - [TEST_STEP][PASSED] - setEncryptedText(findTestObject("Object Repository/Creating public workspace/Page_Element/input_Username_password"), "ZMYEqBLXlqKBS+xCxiYvcQ=="): Text ****** has been set on object 'Object Repository/Creating public workspace/Page_Element/input_Username_password'

2022-01-16 21:36:05 - [MESSAGE][PASSED] - Text ****** has been set on object 'Object Repository/Creating public workspace/Page_Element/input_Username_password'

2022-01-16 21:36:05 - [TEST_STEP][PASSED] - click(findTestObject("Object Repository/Creating public workspace/Page_Element/input_Forgot password_mx_Login_submit")): Object: 'Object Repository/Creating public workspace/Page_Element/input_Forgot password_mx_Login_submit' is clicked on

2022-01-16 21:36:10 - [MESSAGE][PASSED] - Object: 'Object Repository/Creating public workspace/Page_Element/input_Forgot password_mx_Login_submit' is clicked on

2022-01-16 21:36:10 - [TEST_STEP][FAILED] - click(findTestObject("Object Repository/Creating public workspace/Page_Element/div_Verify with Security Key")): Unable to click on object 'Object Repository/Creating public workspace/Page_Element/div_Verify with Security Key' (Root cause: com.kms.katalon.core.exception.StepFailedException: Unable to click on object 'Object Repository/Creating public workspace/Page_Element/div_Verify with Security Key'
	at com.kms.katalon.core.webui.keyword.internal.WebUIKeywordMain.stepFailed(WebUIKeywordMain.groovy:64)
	at com.kms.katalon.core.webui.keyword.internal.WebUIKeywordMain.runKeyword(WebUIKeywordMain.groovy:26)
	at com.kms.katalon.core.webui.keyword.builtin.ClickKeyword.click(ClickKeyword.groovy:74)
	at com.kms.katalon.core.webui.keyword.builtin.ClickKeyword.execute(ClickKeyword.groovy:40)
	at com.kms.katalon.core.keyword.internal.KeywordExecutor.executeKeywordForPlatform(KeywordExecutor.groovy:74)
	at com.kms.katalon.core.webui.keyword.WebUiBuiltInKeywords.click(WebUiBuiltInKeywords.groovy:620)
	at com.kms.katalon.core.webui.keyword.WebUiBuiltInKeywords$click$3.call(Unknown Source)
	at TC17-20. Creating public workspace with address.run(TC17-20. Creating public workspace with address:31)
	at com.kms.katalon.core.main.ScriptEngine.run(ScriptEngine.java:194)
	at com.kms.katalon.core.main.ScriptEngine.runScriptAsRawText(ScriptEngine.java:119)
	at com.kms.katalon.core.main.TestCaseExecutor.runScript(TestCaseExecutor.java:442)
	at com.kms.katalon.core.main.TestCaseExecutor.doExecute(TestCaseExecutor.java:433)
	at com.kms.katalon.core.main.TestCaseExecutor.processExecutionPhase(TestCaseExecutor.java:412)
	at com.kms.katalon.core.main.TestCaseExecutor.accessMainPhase(TestCaseExecutor.java:404)
	at com.kms.katalon.core.main.TestCaseExecutor.execute(TestCaseExecutor.java:281)
	at com.kms.katalon.core.main.TestSuiteExecutor.accessTestCaseMainPhase(TestSuiteExecutor.java:202)
	at com.kms.katalon.core.main.TestSuiteExecutor.accessTestSuiteMainPhase(TestSuiteExecutor.java:164)
	at com.kms.katalon.core.main.TestSuiteExecutor.execute(TestSuiteExecutor.java:105)
	at com.kms.katalon.core.main.TestCaseMain.startTestSuite(TestCaseMain.java:181)
	at com.kms.katalon.core.main.TestCaseMain$startTestSuite$0.call(Unknown Source)
	at TempTestSuite1642342997093.run(TempTestSuite1642342997093.groovy:36)
Caused by: com.kms.katalon.core.webui.exception.WebElementNotFoundException: Web element with id: 'Object Repository/Creating public workspace/Page_Element/div_Verify with Security Key' located by '//section[@id='matrixchat']/div/div/div[2]/div/div/div/div/div[2]' not found
	at com.kms.katalon.core.webui.common.WebUiCommonHelper.findWebElement(WebUiCommonHelper.java:1368)
	at com.kms.katalon.core.webui.keyword.internal.WebUIAbstractKeyword.findWebElement(WebUIAbstractKeyword.groovy:27)
	at com.kms.katalon.core.webui.keyword.builtin.ClickKeyword$_click_closure1.doCall(ClickKeyword.groovy:65)
	at com.kms.katalon.core.webui.keyword.builtin.ClickKeyword$_click_closure1.call(ClickKeyword.groovy)
	at com.kms.katalon.core.webui.keyword.internal.WebUIKeywordMain.runKeyword(WebUIKeywordMain.groovy:20)
	at com.kms.katalon.core.webui.keyword.builtin.ClickKeyword.click(ClickKeyword.groovy:74)
	at com.kms.katalon.core.webui.keyword.builtin.ClickKeyword.execute(ClickKeyword.groovy:40)
	at com.kms.katalon.core.keyword.internal.KeywordExecutor.executeKeywordForPlatform(KeywordExecutor.groovy:74)
	at com.kms.katalon.core.webui.keyword.WebUiBuiltInKeywords.click(WebUiBuiltInKeywords.groovy:620)
	at com.kms.katalon.core.webui.keyword.WebUiBuiltInKeywords$click$3.call(Unknown Source)
	at Script1642300777496.run(Script1642300777496.groovy:31)
	... 13 more
)

2022-01-16 21:36:50 - [MESSAGE][INFO] - Unable to find the element located by 'By.xpath: //section[@id='matrixchat']/div/div/div[2]/div/div/div/div/div[2]'. Please recheck the objects properties to make sure the desired element is located. 

2022-01-16 21:37:05 - [MESSAGE][FAILED] - Unable to click on object 'Object Repository/Creating public workspace/Page_Element/div_Verify with Security Key' (Root cause: com.kms.katalon.core.exception.StepFailedException: Unable to click on object 'Object Repository/Creating public workspace/Page_Element/div_Verify with Security Key'
	at com.kms.katalon.core.webui.keyword.internal.WebUIKeywordMain.stepFailed(WebUIKeywordMain.groovy:64)
	at com.kms.katalon.core.webui.keyword.internal.WebUIKeywordMain.runKeyword(WebUIKeywordMain.groovy:26)
	at com.kms.katalon.core.webui.keyword.builtin.ClickKeyword.click(ClickKeyword.groovy:74)
	at com.kms.katalon.core.webui.keyword.builtin.ClickKeyword.execute(ClickKeyword.groovy:40)
	at com.kms.katalon.core.keyword.internal.KeywordExecutor.executeKeywordForPlatform(KeywordExecutor.groovy:74)
	at com.kms.katalon.core.webui.keyword.WebUiBuiltInKeywords.click(WebUiBuiltInKeywords.groovy:620)
	at com.kms.katalon.core.webui.keyword.WebUiBuiltInKeywords$click$3.call(Unknown Source)
	at TC17-20. Creating public workspace with address.run(TC17-20. Creating public workspace with address:31)
	at com.kms.katalon.core.main.ScriptEngine.run(ScriptEngine.java:194)
	at com.kms.katalon.core.main.ScriptEngine.runScriptAsRawText(ScriptEngine.java:119)
	at com.kms.katalon.core.main.TestCaseExecutor.runScript(TestCaseExecutor.java:442)
	at com.kms.katalon.core.main.TestCaseExecutor.doExecute(TestCaseExecutor.java:433)
	at com.kms.katalon.core.main.TestCaseExecutor.processExecutionPhase(TestCaseExecutor.java:412)
	at com.kms.katalon.core.main.TestCaseExecutor.accessMainPhase(TestCaseExecutor.java:404)
	at com.kms.katalon.core.main.TestCaseExecutor.execute(TestCaseExecutor.java:281)
	at com.kms.katalon.core.main.TestSuiteExecutor.accessTestCaseMainPhase(TestSuiteExecutor.java:202)
	at com.kms.katalon.core.main.TestSuiteExecutor.accessTestSuiteMainPhase(TestSuiteExecutor.java:164)
	at com.kms.katalon.core.main.TestSuiteExecutor.execute(TestSuiteExecutor.java:105)
	at com.kms.katalon.core.main.TestCaseMain.startTestSuite(TestCaseMain.java:181)
	at com.kms.katalon.core.main.TestCaseMain$startTestSuite$0.call(Unknown Source)
	at TempTestSuite1642342997093.run(TempTestSuite1642342997093.groovy:36)
Caused by: com.kms.katalon.core.webui.exception.WebElementNotFoundException: Web element with id: 'Object Repository/Creating public workspace/Page_Element/div_Verify with Security Key' located by '//section[@id='matrixchat']/div/div/div[2]/div/div/div/div/div[2]' not found
	at com.kms.katalon.core.webui.common.WebUiCommonHelper.findWebElement(WebUiCommonHelper.java:1368)
	at com.kms.katalon.core.webui.keyword.internal.WebUIAbstractKeyword.findWebElement(WebUIAbstractKeyword.groovy:27)
	at com.kms.katalon.core.webui.keyword.builtin.ClickKeyword$_click_closure1.doCall(ClickKeyword.groovy:65)
	at com.kms.katalon.core.webui.keyword.builtin.ClickKeyword$_click_closure1.call(ClickKeyword.groovy)
	at com.kms.katalon.core.webui.keyword.internal.WebUIKeywordMain.runKeyword(WebUIKeywordMain.groovy:20)
	at com.kms.katalon.core.webui.keyword.builtin.ClickKeyword.click(ClickKeyword.groovy:74)
	at com.kms.katalon.core.webui.keyword.builtin.ClickKeyword.execute(ClickKeyword.groovy:40)
	at com.kms.katalon.core.keyword.internal.KeywordExecutor.executeKeywordForPlatform(KeywordExecutor.groovy:74)
	at com.kms.katalon.core.webui.keyword.WebUiBuiltInKeywords.click(WebUiBuiltInKeywords.groovy:620)
	at com.kms.katalon.core.webui.keyword.WebUiBuiltInKeywords$click$3.call(Unknown Source)
	at Script1642300777496.run(Script1642300777496.groovy:31)
	... 13 more
)
[[ATTACHMENT|/Users/mixel/Documents/Github/Test-Automation-SE-Bonus-Katalon/Reports/20220116_212303/TC17-20. Creating public workspace/20220116_212317/1642343811167.png]]]]></system-out>
         <system-err><![CDATA[2022-01-16 21:35:17 - [TEST_CASE][FAILED] - Test Cases/TC17-20. Creating public workspace with address: Test Cases/TC17-20. Creating public workspace with address FAILED.
Reason:
com.kms.katalon.core.exception.StepFailedException: Unable to click on object 'Object Repository/Creating public workspace/Page_Element/div_Verify with Security Key'
	at com.kms.katalon.core.webui.keyword.internal.WebUIKeywordMain.stepFailed(WebUIKeywordMain.groovy:64)
	at com.kms.katalon.core.webui.keyword.internal.WebUIKeywordMain.runKeyword(WebUIKeywordMain.groovy:26)
	at com.kms.katalon.core.webui.keyword.builtin.ClickKeyword.click(ClickKeyword.groovy:74)
	at com.kms.katalon.core.webui.keyword.builtin.ClickKeyword.execute(ClickKeyword.groovy:40)
	at com.kms.katalon.core.keyword.internal.KeywordExecutor.executeKeywordForPlatform(KeywordExecutor.groovy:74)
	at com.kms.katalon.core.webui.keyword.WebUiBuiltInKeywords.click(WebUiBuiltInKeywords.groovy:620)
	at com.kms.katalon.core.webui.keyword.WebUiBuiltInKeywords$click$3.call(Unknown Source)
	at TC17-20. Creating public workspace with address.run(TC17-20. Creating public workspace with address:31)
	at com.kms.katalon.core.main.ScriptEngine.run(ScriptEngine.java:194)
	at com.kms.katalon.core.main.ScriptEngine.runScriptAsRawText(ScriptEngine.java:119)
	at com.kms.katalon.core.main.TestCaseExecutor.runScript(TestCaseExecutor.java:442)
	at com.kms.katalon.core.main.TestCaseExecutor.doExecute(TestCaseExecutor.java:433)
	at com.kms.katalon.core.main.TestCaseExecutor.processExecutionPhase(TestCaseExecutor.java:412)
	at com.kms.katalon.core.main.TestCaseExecutor.accessMainPhase(TestCaseExecutor.java:404)
	at com.kms.katalon.core.main.TestCaseExecutor.execute(TestCaseExecutor.java:281)
	at com.kms.katalon.core.main.TestSuiteExecutor.accessTestCaseMainPhase(TestSuiteExecutor.java:202)
	at com.kms.katalon.core.main.TestSuiteExecutor.accessTestSuiteMainPhase(TestSuiteExecutor.java:164)
	at com.kms.katalon.core.main.TestSuiteExecutor.execute(TestSuiteExecutor.java:105)
	at com.kms.katalon.core.main.TestCaseMain.startTestSuite(TestCaseMain.java:181)
	at com.kms.katalon.core.main.TestCaseMain$startTestSuite$0.call(Unknown Source)
	at TempTestSuite1642342997093.run(TempTestSuite1642342997093.groovy:36)
Caused by: com.kms.katalon.core.webui.exception.WebElementNotFoundException: Web element with id: 'Object Repository/Creating public workspace/Page_Element/div_Verify with Security Key' located by '//section[@id='matrixchat']/div/div/div[2]/div/div/div/div/div[2]' not found
	at com.kms.katalon.core.webui.common.WebUiCommonHelper.findWebElement(WebUiCommonHelper.java:1368)
	at com.kms.katalon.core.webui.keyword.internal.WebUIAbstractKeyword.findWebElement(WebUIAbstractKeyword.groovy:27)
	at com.kms.katalon.core.webui.keyword.builtin.ClickKeyword$_click_closure1.doCall(ClickKeyword.groovy:65)
	at com.kms.katalon.core.webui.keyword.builtin.ClickKeyword$_click_closure1.call(ClickKeyword.groovy)
	at com.kms.katalon.core.webui.keyword.internal.WebUIKeywordMain.runKeyword(WebUIKeywordMain.groovy:20)
	... 19 more]]></system-err>
      </testcase>
      <testcase name="Test Cases/TC17-20. Creating public workspace with address" time="730.998" classname="Test Cases/TC17-20. Creating public workspace with address" status="PASSED">
         <system-out><![CDATA[2022-01-16 21:37:08 - [TEST_CASE][PASSED] - Test Cases/TC17-20. Creating public workspace with address: Test Cases/TC17-20. Creating public workspace with address

2022-01-16 21:37:08 - [TEST_STEP][PASSED] - openBrowser(""): Browser is opened with url: ''

2022-01-16 21:37:08 - [MESSAGE][WARNING] - A browser is already opened. Closing browser and opening a new one

2022-01-16 21:37:10 - [MESSAGE][INFO] - Starting 'Chrome' driver

2022-01-16 21:37:10 - [MESSAGE][INFO] - Action delay is set to 0 milliseconds

2022-01-16 21:37:31 - [MESSAGE][PASSED] - Browser is opened with url: ''

2022-01-16 21:37:31 - [TEST_STEP][PASSED] - navigateToUrl("http://localhost:8080/#/login"): Navigate to 'http://localhost:8080/#/login' successfully

2022-01-16 21:37:50 - [MESSAGE][PASSED] - Navigate to 'http://localhost:8080/#/login' successfully

2022-01-16 21:37:50 - [TEST_STEP][PASSED] - setText(findTestObject("Object Repository/Creating public workspace/Page_Element/input_Sign in with_username"), "tvminh19"): Text 'tvminh19' is set on object 'Object Repository/Creating public workspace/Page_Element/input_Sign in with_username'

2022-01-16 21:38:09 - [MESSAGE][PASSED] - Text 'tvminh19' is set on object 'Object Repository/Creating public workspace/Page_Element/input_Sign in with_username'

2022-01-16 21:38:09 - [TEST_STEP][PASSED] - setEncryptedText(findTestObject("Object Repository/Creating public workspace/Page_Element/input_Username_password"), "ZMYEqBLXlqKBS+xCxiYvcQ=="): Text ****** has been set on object 'Object Repository/Creating public workspace/Page_Element/input_Username_password'

2022-01-16 21:38:12 - [MESSAGE][PASSED] - Text ****** has been set on object 'Object Repository/Creating public workspace/Page_Element/input_Username_password'

2022-01-16 21:38:12 - [TEST_STEP][PASSED] - click(findTestObject("Object Repository/Creating public workspace/Page_Element/input_Forgot password_mx_Login_submit")): Object: 'Object Repository/Creating public workspace/Page_Element/input_Forgot password_mx_Login_submit' is clicked on

2022-01-16 21:38:15 - [MESSAGE][PASSED] - Object: 'Object Repository/Creating public workspace/Page_Element/input_Forgot password_mx_Login_submit' is clicked on

2022-01-16 21:38:15 - [TEST_STEP][PASSED] - click(findTestObject("Object Repository/Creating public workspace/Page_Element/div_Verify with Security Key")): Object: 'Object Repository/Creating public workspace/Page_Element/div_Verify with Security Key' is clicked on

2022-01-16 21:44:16 - [MESSAGE][PASSED] - Object: 'Object Repository/Creating public workspace/Page_Element/div_Verify with Security Key' is clicked on

2022-01-16 21:44:16 - [TEST_STEP][PASSED] - setText(findTestObject("Object Repository/Creating public workspace/Page_Element/input_Security Key_mx_Field_4"), "EsTz GjF9 i17E JLpz sfyb e7c5 tV5p wVxd Jh5S uSmg KYJr KDsR"): Text 'EsTz GjF9 i17E JLpz sfyb e7c5 tV5p wVxd Jh5S uSmg KYJr KDsR' is set on object 'Object Repository/Creating public workspace/Page_Element/input_Security Key_mx_Field_4'

2022-01-16 21:45:13 - [MESSAGE][PASSED] - Text 'EsTz GjF9 i17E JLpz sfyb e7c5 tV5p wVxd Jh5S uSmg KYJr KDsR' is set on object 'Object Repository/Creating public workspace/Page_Element/input_Security Key_mx_Field_4'

2022-01-16 21:45:13 - [TEST_STEP][PASSED] - click(findTestObject("Object Repository/Creating public workspace/Page_Element/button_Continue")): Object: 'Object Repository/Creating public workspace/Page_Element/button_Continue' is clicked on

2022-01-16 21:45:47 - [MESSAGE][PASSED] - Object: 'Object Repository/Creating public workspace/Page_Element/button_Continue' is clicked on

2022-01-16 21:45:48 - [TEST_STEP][PASSED] - click(findTestObject("Object Repository/Creating public workspace/Page_Element/div_Done")): Object: 'Object Repository/Creating public workspace/Page_Element/div_Done' is clicked on

2022-01-16 21:46:11 - [MESSAGE][PASSED] - Object: 'Object Repository/Creating public workspace/Page_Element/div_Done' is clicked on

2022-01-16 21:46:11 - [TEST_STEP][PASSED] - click(findTestObject("Object Repository/Creating public workspace/Page_Element/div_Enable_mx_SpaceButton_icon")): Object: 'Object Repository/Creating public workspace/Page_Element/div_Enable_mx_SpaceButton_icon' is clicked on

2022-01-16 21:46:31 - [MESSAGE][PASSED] - Object: 'Object Repository/Creating public workspace/Page_Element/div_Enable_mx_SpaceButton_icon' is clicked on

2022-01-16 21:46:31 - [TEST_STEP][PASSED] - click(findTestObject("Object Repository/Creating public workspace/Page_Element/span_Open space for anyone, best for communities")): Object: 'Object Repository/Creating public workspace/Page_Element/span_Open space for anyone, best for communities' is clicked on

2022-01-16 21:46:34 - [MESSAGE][PASSED] - Object: 'Object Repository/Creating public workspace/Page_Element/span_Open space for anyone, best for communities' is clicked on

2022-01-16 21:46:34 - [TEST_STEP][PASSED] - setText(findTestObject("Object Repository/Creating public workspace/Page_Element/input_Upload_spaceName"), ws_name): Text 'nctaiiii' is set on object 'Object Repository/Creating public workspace/Page_Element/input_Upload_spaceName'

2022-01-16 21:47:36 - [MESSAGE][PASSED] - Text 'nctaiiii' is set on object 'Object Repository/Creating public workspace/Page_Element/input_Upload_spaceName'

2022-01-16 21:47:36 - [TEST_STEP][PASSED] - click(findTestObject("Object Repository/Creating public workspace/Page_Element/div_Addressmatrix.org")): Object: 'Object Repository/Creating public workspace/Page_Element/div_Addressmatrix.org' is clicked on

2022-01-16 21:48:08 - [MESSAGE][PASSED] - Object: 'Object Repository/Creating public workspace/Page_Element/div_Addressmatrix.org' is clicked on

2022-01-16 21:48:08 - [TEST_STEP][PASSED] - setText(findTestObject("Object Repository/Creating public workspace/Page_Element/input__mx_Field_6"), ws_add): Text 'nctaiiiii' is set on object 'Object Repository/Creating public workspace/Page_Element/input__mx_Field_6'

2022-01-16 21:48:46 - [MESSAGE][PASSED] - Text 'nctaiiiii' is set on object 'Object Repository/Creating public workspace/Page_Element/input__mx_Field_6'

2022-01-16 21:48:46 - [TEST_STEP][PASSED] - verifyElementClickable(findTestObject("Object Repository/Creating public workspace/Page_Element/div_Create")): Object 'Object Repository/Creating public workspace/Page_Element/div_Create' is clickable

2022-01-16 21:49:17 - [MESSAGE][PASSED] - Object 'Object Repository/Creating public workspace/Page_Element/div_Create' is clickable

2022-01-16 21:49:17 - [TEST_STEP][PASSED] - closeBrowser(): Browser is closed

2022-01-16 21:49:19 - [MESSAGE][PASSED] - Browser is closed]]></system-out>
         <system-err><![CDATA[]]></system-err>
      </testcase>
      <testcase name="Test Cases/TC17-20. Creating public workspace with address" time="697.772" classname="Test Cases/TC17-20. Creating public workspace with address" status="PASSED">
         <system-out><![CDATA[2022-01-16 21:49:19 - [TEST_CASE][PASSED] - Test Cases/TC17-20. Creating public workspace with address: Test Cases/TC17-20. Creating public workspace with address

2022-01-16 21:49:20 - [TEST_STEP][PASSED] - openBrowser(""): Browser is opened with url: ''

2022-01-16 21:49:20 - [MESSAGE][INFO] - Starting 'Chrome' driver

2022-01-16 21:49:20 - [MESSAGE][INFO] - Action delay is set to 0 milliseconds

2022-01-16 21:49:26 - [MESSAGE][PASSED] - Browser is opened with url: ''

2022-01-16 21:49:26 - [TEST_STEP][PASSED] - navigateToUrl("http://localhost:8080/#/login"): Navigate to 'http://localhost:8080/#/login' successfully

2022-01-16 21:49:52 - [MESSAGE][PASSED] - Navigate to 'http://localhost:8080/#/login' successfully

2022-01-16 21:49:52 - [TEST_STEP][PASSED] - setText(findTestObject("Object Repository/Creating public workspace/Page_Element/input_Sign in with_username"), "tvminh19"): Text 'tvminh19' is set on object 'Object Repository/Creating public workspace/Page_Element/input_Sign in with_username'

2022-01-16 21:50:16 - [MESSAGE][PASSED] - Text 'tvminh19' is set on object 'Object Repository/Creating public workspace/Page_Element/input_Sign in with_username'

2022-01-16 21:50:17 - [TEST_STEP][PASSED] - setEncryptedText(findTestObject("Object Repository/Creating public workspace/Page_Element/input_Username_password"), "ZMYEqBLXlqKBS+xCxiYvcQ=="): Text ****** has been set on object 'Object Repository/Creating public workspace/Page_Element/input_Username_password'

2022-01-16 21:50:20 - [MESSAGE][PASSED] - Text ****** has been set on object 'Object Repository/Creating public workspace/Page_Element/input_Username_password'

2022-01-16 21:50:20 - [TEST_STEP][PASSED] - click(findTestObject("Object Repository/Creating public workspace/Page_Element/input_Forgot password_mx_Login_submit")): Object: 'Object Repository/Creating public workspace/Page_Element/input_Forgot password_mx_Login_submit' is clicked on

2022-01-16 21:50:24 - [MESSAGE][PASSED] - Object: 'Object Repository/Creating public workspace/Page_Element/input_Forgot password_mx_Login_submit' is clicked on

2022-01-16 21:50:24 - [TEST_STEP][PASSED] - click(findTestObject("Object Repository/Creating public workspace/Page_Element/div_Verify with Security Key")): Object: 'Object Repository/Creating public workspace/Page_Element/div_Verify with Security Key' is clicked on

2022-01-16 21:51:14 - [MESSAGE][PASSED] - Object: 'Object Repository/Creating public workspace/Page_Element/div_Verify with Security Key' is clicked on

2022-01-16 21:51:14 - [TEST_STEP][PASSED] - setText(findTestObject("Object Repository/Creating public workspace/Page_Element/input_Security Key_mx_Field_4"), "EsTz GjF9 i17E JLpz sfyb e7c5 tV5p wVxd Jh5S uSmg KYJr KDsR"): Text 'EsTz GjF9 i17E JLpz sfyb e7c5 tV5p wVxd Jh5S uSmg KYJr KDsR' is set on object 'Object Repository/Creating public workspace/Page_Element/input_Security Key_mx_Field_4'

2022-01-16 21:52:19 - [MESSAGE][PASSED] - Text 'EsTz GjF9 i17E JLpz sfyb e7c5 tV5p wVxd Jh5S uSmg KYJr KDsR' is set on object 'Object Repository/Creating public workspace/Page_Element/input_Security Key_mx_Field_4'

2022-01-16 21:52:19 - [TEST_STEP][PASSED] - click(findTestObject("Object Repository/Creating public workspace/Page_Element/button_Continue")): Object: 'Object Repository/Creating public workspace/Page_Element/button_Continue' is clicked on

2022-01-16 21:52:50 - [MESSAGE][PASSED] - Object: 'Object Repository/Creating public workspace/Page_Element/button_Continue' is clicked on

2022-01-16 21:52:50 - [TEST_STEP][PASSED] - click(findTestObject("Object Repository/Creating public workspace/Page_Element/div_Done")): Object: 'Object Repository/Creating public workspace/Page_Element/div_Done' is clicked on

2022-01-16 21:53:24 - [MESSAGE][PASSED] - Object: 'Object Repository/Creating public workspace/Page_Element/div_Done' is clicked on

2022-01-16 21:53:24 - [TEST_STEP][PASSED] - click(findTestObject("Object Repository/Creating public workspace/Page_Element/div_Enable_mx_SpaceButton_icon")): Object: 'Object Repository/Creating public workspace/Page_Element/div_Enable_mx_SpaceButton_icon' is clicked on

2022-01-16 21:53:39 - [MESSAGE][PASSED] - Object: 'Object Repository/Creating public workspace/Page_Element/div_Enable_mx_SpaceButton_icon' is clicked on

2022-01-16 21:53:40 - [TEST_STEP][PASSED] - click(findTestObject("Object Repository/Creating public workspace/Page_Element/span_Open space for anyone, best for communities")): Object: 'Object Repository/Creating public workspace/Page_Element/span_Open space for anyone, best for communities' is clicked on

2022-01-16 21:54:14 - [MESSAGE][PASSED] - Object: 'Object Repository/Creating public workspace/Page_Element/span_Open space for anyone, best for communities' is clicked on

2022-01-16 21:54:15 - [TEST_STEP][PASSED] - setText(findTestObject("Object Repository/Creating public workspace/Page_Element/input_Upload_spaceName"), ws_name): Text '' is set on object 'Object Repository/Creating public workspace/Page_Element/input_Upload_spaceName'

2022-01-16 21:54:59 - [MESSAGE][PASSED] - Text '' is set on object 'Object Repository/Creating public workspace/Page_Element/input_Upload_spaceName'

2022-01-16 21:55:00 - [TEST_STEP][PASSED] - click(findTestObject("Object Repository/Creating public workspace/Page_Element/div_Addressmatrix.org")): Object: 'Object Repository/Creating public workspace/Page_Element/div_Addressmatrix.org' is clicked on

2022-01-16 21:55:04 - [MESSAGE][PASSED] - Object: 'Object Repository/Creating public workspace/Page_Element/div_Addressmatrix.org' is clicked on

2022-01-16 21:55:06 - [TEST_STEP][PASSED] - setText(findTestObject("Object Repository/Creating public workspace/Page_Element/input__mx_Field_6"), ws_add): Text 'abccdef' is set on object 'Object Repository/Creating public workspace/Page_Element/input__mx_Field_6'

2022-01-16 22:00:25 - [MESSAGE][PASSED] - Text 'abccdef' is set on object 'Object Repository/Creating public workspace/Page_Element/input__mx_Field_6'

2022-01-16 22:00:25 - [TEST_STEP][PASSED] - verifyElementClickable(findTestObject("Object Repository/Creating public workspace/Page_Element/div_Create")): Object 'Object Repository/Creating public workspace/Page_Element/div_Create' is clickable

2022-01-16 22:00:57 - [MESSAGE][PASSED] - Object 'Object Repository/Creating public workspace/Page_Element/div_Create' is clickable

2022-01-16 22:00:57 - [TEST_STEP][PASSED] - closeBrowser(): Browser is closed

2022-01-16 22:00:57 - [MESSAGE][PASSED] - Browser is closed]]></system-out>
         <system-err><![CDATA[]]></system-err>
      </testcase>
      <system-out><![CDATA[2022-01-16 21:28:52 - [TEST_SUITE][FAILED] - TC17-20. Creating public workspace: Test Cases/TC17-20. Creating public workspace with address FAILED.
Reason:
com.kms.katalon.core.exception.StepFailedException: Unable to click on object 'Object Repository/Creating public workspace/Page_Element/div_Verify with Security Key'
	at com.kms.katalon.core.webui.keyword.internal.WebUIKeywordMain.stepFailed(WebUIKeywordMain.groovy:64)
	at com.kms.katalon.core.webui.keyword.internal.WebUIKeywordMain.runKeyword(WebUIKeywordMain.groovy:26)
	at com.kms.katalon.core.webui.keyword.builtin.ClickKeyword.click(ClickKeyword.groovy:74)
	at com.kms.katalon.core.webui.keyword.builtin.ClickKeyword.execute(ClickKeyword.groovy:40)
	at com.kms.katalon.core.keyword.internal.KeywordExecutor.executeKeywordForPlatform(KeywordExecutor.groovy:74)
	at com.kms.katalon.core.webui.keyword.WebUiBuiltInKeywords.click(WebUiBuiltInKeywords.groovy:620)
	at com.kms.katalon.core.webui.keyword.WebUiBuiltInKeywords$click$3.call(Unknown Source)
	at TC17-20. Creating public workspace with address.run(TC17-20. Creating public workspace with address:31)
	at com.kms.katalon.core.main.ScriptEngine.run(ScriptEngine.java:194)
	at com.kms.katalon.core.main.ScriptEngine.runScriptAsRawText(ScriptEngine.java:119)
	at com.kms.katalon.core.main.TestCaseExecutor.runScript(TestCaseExecutor.java:442)
	at com.kms.katalon.core.main.TestCaseExecutor.doExecute(TestCaseExecutor.java:433)
	at com.kms.katalon.core.main.TestCaseExecutor.processExecutionPhase(TestCaseExecutor.java:412)
	at com.kms.katalon.core.main.TestCaseExecutor.accessMainPhase(TestCaseExecutor.java:404)
	at com.kms.katalon.core.main.TestCaseExecutor.execute(TestCaseExecutor.java:281)
	at com.kms.katalon.core.main.TestSuiteExecutor.accessTestCaseMainPhase(TestSuiteExecutor.java:202)
	at com.kms.katalon.core.main.TestSuiteExecutor.accessTestSuiteMainPhase(TestSuiteExecutor.java:164)
	at com.kms.katalon.core.main.TestSuiteExecutor.execute(TestSuiteExecutor.java:105)
	at com.kms.katalon.core.main.TestCaseMain.startTestSuite(TestCaseMain.java:181)
	at com.kms.katalon.core.main.TestCaseMain$startTestSuite$0.call(Unknown Source)
	at TempTestSuite1642342997093.run(TempTestSuite1642342997093.groovy:36)
Caused by: com.kms.katalon.core.webui.exception.WebElementNotFoundException: Web element with id: 'Object Repository/Creating public workspace/Page_Element/div_Verify with Security Key' located by '//section[@id='matrixchat']/div/div/div[2]/div/div/div/div/div[2]' not found
	at com.kms.katalon.core.webui.common.WebUiCommonHelper.findWebElement(WebUiCommonHelper.java:1368)
	at com.kms.katalon.core.webui.keyword.internal.WebUIAbstractKeyword.findWebElement(WebUIAbstractKeyword.groovy:27)
	at com.kms.katalon.core.webui.keyword.builtin.ClickKeyword$_click_closure1.doCall(ClickKeyword.groovy:65)
	at com.kms.katalon.core.webui.keyword.builtin.ClickKeyword$_click_closure1.call(ClickKeyword.groovy)
	at com.kms.katalon.core.webui.keyword.internal.WebUIKeywordMain.runKeyword(WebUIKeywordMain.groovy:20)
	... 19 more]]></system-out>
      <system-err><![CDATA[2022-01-16 21:28:52 - [TEST_SUITE][FAILED] - TC17-20. Creating public workspace: Test Cases/TC17-20. Creating public workspace with address FAILED.
Reason:
com.kms.katalon.core.exception.StepFailedException: Unable to click on object 'Object Repository/Creating public workspace/Page_Element/div_Verify with Security Key'
	at com.kms.katalon.core.webui.keyword.internal.WebUIKeywordMain.stepFailed(WebUIKeywordMain.groovy:64)
	at com.kms.katalon.core.webui.keyword.internal.WebUIKeywordMain.runKeyword(WebUIKeywordMain.groovy:26)
	at com.kms.katalon.core.webui.keyword.builtin.ClickKeyword.click(ClickKeyword.groovy:74)
	at com.kms.katalon.core.webui.keyword.builtin.ClickKeyword.execute(ClickKeyword.groovy:40)
	at com.kms.katalon.core.keyword.internal.KeywordExecutor.executeKeywordForPlatform(KeywordExecutor.groovy:74)
	at com.kms.katalon.core.webui.keyword.WebUiBuiltInKeywords.click(WebUiBuiltInKeywords.groovy:620)
	at com.kms.katalon.core.webui.keyword.WebUiBuiltInKeywords$click$3.call(Unknown Source)
	at TC17-20. Creating public workspace with address.run(TC17-20. Creating public workspace with address:31)
	at com.kms.katalon.core.main.ScriptEngine.run(ScriptEngine.java:194)
	at com.kms.katalon.core.main.ScriptEngine.runScriptAsRawText(ScriptEngine.java:119)
	at com.kms.katalon.core.main.TestCaseExecutor.runScript(TestCaseExecutor.java:442)
	at com.kms.katalon.core.main.TestCaseExecutor.doExecute(TestCaseExecutor.java:433)
	at com.kms.katalon.core.main.TestCaseExecutor.processExecutionPhase(TestCaseExecutor.java:412)
	at com.kms.katalon.core.main.TestCaseExecutor.accessMainPhase(TestCaseExecutor.java:404)
	at com.kms.katalon.core.main.TestCaseExecutor.execute(TestCaseExecutor.java:281)
	at com.kms.katalon.core.main.TestSuiteExecutor.accessTestCaseMainPhase(TestSuiteExecutor.java:202)
	at com.kms.katalon.core.main.TestSuiteExecutor.accessTestSuiteMainPhase(TestSuiteExecutor.java:164)
	at com.kms.katalon.core.main.TestSuiteExecutor.execute(TestSuiteExecutor.java:105)
	at com.kms.katalon.core.main.TestCaseMain.startTestSuite(TestCaseMain.java:181)
	at com.kms.katalon.core.main.TestCaseMain$startTestSuite$0.call(Unknown Source)
	at TempTestSuite1642342997093.run(TempTestSuite1642342997093.groovy:36)
Caused by: com.kms.katalon.core.webui.exception.WebElementNotFoundException: Web element with id: 'Object Repository/Creating public workspace/Page_Element/div_Verify with Security Key' located by '//section[@id='matrixchat']/div/div/div[2]/div/div/div/div/div[2]' not found
	at com.kms.katalon.core.webui.common.WebUiCommonHelper.findWebElement(WebUiCommonHelper.java:1368)
	at com.kms.katalon.core.webui.keyword.internal.WebUIAbstractKeyword.findWebElement(WebUIAbstractKeyword.groovy:27)
	at com.kms.katalon.core.webui.keyword.builtin.ClickKeyword$_click_closure1.doCall(ClickKeyword.groovy:65)
	at com.kms.katalon.core.webui.keyword.builtin.ClickKeyword$_click_closure1.call(ClickKeyword.groovy)
	at com.kms.katalon.core.webui.keyword.internal.WebUIKeywordMain.runKeyword(WebUIKeywordMain.groovy:20)
	... 19 more]]></system-err>
   </testsuite>
</testsuites>
